[     268ms] [INFO] [webpack-dev-server] Server started: Hot Module Replacement enabled, Live Reloading enabled, Progress disabled, Overlay enabled. @ webpack-internal:///./node_modules/webpack-dev-server/client/modules/logger/index.js:484
[     269ms] [LOG] [HMR] Waiting for update signal from WDS... @ webpack-internal:///./node_modules/webpack/hot/log.js:38
[     307ms] [INFO] %cDownload the React DevTools for a better development experience: https://reactjs.org/link/react-devtools font-weight:bold @ webpack-internal:///./node_modules/react-dom/cjs/react-dom.development.js:29834
[     580ms] [ERROR] Failed to load resource: the server responded with a status of 401 (Unauthorized) @ http://localhost:9000/api/auth:0
[     668ms] [VERBOSE] [DOM] Input elements should have autocomplete attributes (suggested: "current-password"): (More info: https://goo.gl/9p2vKq) %o @ http://localhost:9000/login:0
[   37157ms] [INFO] [webpack-dev-server] App updated. Recompiling... @ webpack-internal:///./node_modules/webpack-dev-server/client/modules/logger/index.js:484
[   38496ms] [ERROR] [webpack-dev-server] Errors while compiling. Reload prevented. @ webpack-internal:///./node_modules/webpack-dev-server/client/modules/logger/index.js:492
[   38497ms] [ERROR] [webpack-dev-server] ERROR
[eslint] 
/Users/kai/git/stellar-ui/src/components/auth/Register.tsx
  153:16  error  Replace `·to="/login"·className="text-indigo-400·hover:text-indigo-300·transition-colors"` with `⏎············to="/login"⏎············className="text-indigo-400·hover:text-indigo-300·transition-colors"⏎··········`  prettier/prettier

✖ 1 problem (1 error, 0 warnings)
  1 error and 0 warnings potentially fixable with the `--fix` option.
 @ webpack-internal:///./node_modules/webpack-dev-server/client/modules/logger/index.js:492
[   46329ms] [INFO] [webpack-dev-server] App updated. Recompiling... @ webpack-internal:///./node_modules/webpack-dev-server/client/modules/logger/index.js:484
[   47142ms] [INFO] [webpack-dev-server] App hot update... @ webpack-internal:///./node_modules/webpack-dev-server/client/modules/logger/index.js:484
[   47143ms] [LOG] [HMR] Checking for updates on the server... @ webpack-internal:///./node_modules/webpack/hot/log.js:38
[   47219ms] [WARNING] [HMR] Cannot apply update. Need to do a full reload! @ webpack-internal:///./node_modules/webpack/hot/log.js:40
[   47219ms] [WARNING] [HMR] Error: Aborted because ./src/components/auth/Register.tsx is not accepted
Update propagation: ./src/components/auth/Register.tsx -> ./src/components/App.tsx -> ./src/index.tsx
    at applyHandler (http://localhost:9000/main-e73e9ad57e91b703c0e6.js:7499:31)
    at http://localhost:9000/main-e73e9ad57e91b703c0e6.js:7103:21
    at Array.map (<anonymous>)
    at internalApply (http://localhost:9000/main-e73e9ad57e91b703c0e6.js:7102:54)
    at http://localhost:9000/main-e73e9ad57e91b703c0e6.js:7072:26
    at waitForBlockingPromises (http://localhost:9000/main-e73e9ad57e91b703c0e6.js:7026:48)
    at http://localhost:9000/main-e73e9ad57e91b703c0e6.js:7070:24 @ webpack-internal:///./node_modules/webpack/hot/log.js:40
[   48794ms] [INFO] [webpack-dev-server] Server started: Hot Module Replacement enabled, Live Reloading enabled, Progress disabled, Overlay enabled. @ webpack-internal:///./node_modules/webpack-dev-server/client/modules/logger/index.js:484
[   48798ms] [LOG] [HMR] Waiting for update signal from WDS... @ webpack-internal:///./node_modules/webpack/hot/log.js:38
[   49672ms] [INFO] %cDownload the React DevTools for a better development experience: https://reactjs.org/link/react-devtools font-weight:bold @ webpack-internal:///./node_modules/react-dom/cjs/react-dom.development.js:29834
[   50174ms] [INFO] [webpack-dev-server] Disconnected! @ webpack-internal:///./node_modules/webpack-dev-server/client/modules/logger/index.js:484
[   50174ms] [INFO] [webpack-dev-server] Trying to reconnect... @ webpack-internal:///./node_modules/webpack-dev-server/client/modules/logger/index.js:484
[   50315ms] [ERROR] Failed to load resource: the server responded with a status of 401 (Unauthorized) @ http://localhost:9000/api/auth:0
[   50390ms] [VERBOSE] [DOM] Input elements should have autocomplete attributes (suggested: "current-password"): (More info: https://goo.gl/9p2vKq) %o @ http://localhost:9000/login:0
